2025-05-15 20:30:27,733 - Fetched 30 paste IDs from archive.
2025-05-15 20:30:35,484 - No keywords found in paste ib39XSug.
2025-05-15 20:30:42,634 - Failed to fetch paste archive/lua. Status: 404
2025-05-15 20:30:47,057 - Matched keywords in paste Q5FwAzgt.
2025-05-15 20:30:50,081 - Failed to fetch paste archive/javascript. Status: 404
2025-05-15 20:30:52,735 - Matched keywords in paste 1ZPhfFhg.
2025-05-15 20:30:55,429 - Failed to fetch paste archive/javascript. Status: 404
2025-05-15 20:30:58,652 - No keywords found in paste 3Tq3sE2b.
2025-05-15 20:31:01,785 - Failed to fetch paste archive/vbscript. Status: 404
2025-05-15 20:31:04,822 - No keywords found in paste bCu8VCUV.
2025-05-15 20:31:07,882 - Failed to fetch paste archive/powershell. Status: 404
2025-05-15 20:31:10,527 - Matched keywords in paste gaECNkPw.
2025-05-15 20:31:13,202 - Failed to fetch paste archive/javascript. Status: 404
2025-05-15 20:31:17,230 - Matched keywords in paste iTivTHyr.
2025-05-15 20:31:20,053 - Failed to fetch paste archive/javascript. Status: 404
2025-05-15 20:31:23,154 - No keywords found in paste 7K4F4u1C.
2025-05-15 20:31:30,858 - Failed to fetch paste archive/dart. Status: 404
2025-05-15 20:31:34,604 - No keywords found in paste NLJSaZXE.
2025-05-15 20:31:38,087 - Failed to fetch paste archive/cpp. Status: 404
2025-05-15 20:31:40,772 - No keywords found in paste WJTKiATu.
2025-05-15 20:31:43,672 - Failed to fetch paste archive/lua. Status: 404
2025-05-15 20:31:46,027 - No keywords found in paste 7yrsBWVk.
2025-05-15 20:31:48,856 - Failed to fetch paste archive/lua. Status: 404
2025-05-15 20:31:51,925 - No keywords found in paste 5YFjL66F.
2025-05-15 20:31:54,615 - Failed to fetch paste archive/lua. Status: 404
2025-05-15 20:31:58,576 - No keywords found in paste PvADQs3h.
2025-05-15 20:32:01,206 - Failed to fetch paste archive/lua. Status: 404
2025-05-15 20:32:03,850 - No keywords found in paste 1sCSebrG.
2025-05-15 20:32:06,445 - Failed to fetch paste archive/lua. Status: 404
2025-05-15 20:32:09,467 - Matched keywords in paste rJaceGDz.
2025-05-15 20:32:12,196 - Failed to fetch paste archive/javascript. Status: 404
2025-05-15 20:32:14,198 - Finished crawling Pastebin.
2025-05-15 20:32:59,186 - Fetched 30 paste IDs from archive.
2025-05-15 20:33:00,406 - No keywords found in paste ib39XSug.
2025-05-15 20:33:03,039 - Failed to fetch paste archive/lua. Status: 404
2025-05-15 20:33:06,023 - Matched keywords in paste Q5FwAzgt.
2025-05-15 20:33:08,654 - Failed to fetch paste archive/javascript. Status: 404
2025-05-15 20:33:11,315 - Matched keywords in paste 1ZPhfFhg.
2025-05-15 20:33:13,961 - Failed to fetch paste archive/javascript. Status: 404
2025-05-15 20:33:17,034 - No keywords found in paste 3Tq3sE2b.
2025-05-15 20:33:20,071 - Failed to fetch paste archive/vbscript. Status: 404
2025-05-15 20:33:22,732 - No keywords found in paste bCu8VCUV.
2025-05-15 20:33:25,804 - Failed to fetch paste archive/powershell. Status: 404
2025-05-15 20:33:28,489 - Matched keywords in paste gaECNkPw.
2025-05-15 20:33:31,147 - Failed to fetch paste archive/javascript. Status: 404
2025-05-15 20:33:33,557 - Matched keywords in paste iTivTHyr.
2025-05-15 20:33:36,199 - Failed to fetch paste archive/javascript. Status: 404
2025-05-15 20:33:38,554 - No keywords found in paste 7K4F4u1C.
2025-05-15 20:33:41,254 - Failed to fetch paste archive/dart. Status: 404
2025-05-15 20:33:43,695 - No keywords found in paste NLJSaZXE.
2025-05-15 20:33:46,945 - Failed to fetch paste archive/cpp. Status: 404
2025-05-15 20:33:49,476 - No keywords found in paste WJTKiATu.
2025-05-15 20:33:52,266 - Failed to fetch paste archive/lua. Status: 404
2025-05-15 20:33:54,663 - No keywords found in paste 7yrsBWVk.
2025-05-15 20:33:57,360 - Failed to fetch paste archive/lua. Status: 404
2025-05-15 20:33:59,913 - No keywords found in paste 5YFjL66F.
2025-05-15 20:34:05,314 - Failed to fetch paste archive/lua. Status: 404
2025-05-15 20:34:08,104 - No keywords found in paste PvADQs3h.
2025-05-15 20:34:14,359 - Failed to fetch paste archive/lua. Status: 404
2025-05-15 20:34:16,706 - No keywords found in paste 1sCSebrG.
2025-05-15 20:34:19,325 - Failed to fetch paste archive/lua. Status: 404
2025-05-15 20:34:21,726 - Matched keywords in paste rJaceGDz.
2025-05-15 20:34:24,427 - Failed to fetch paste archive/javascript. Status: 404
2025-05-15 20:34:26,428 - Finished crawling Pastebin.
